<?xml version="1.0" encoding="UTF-8"?>
<testsuite name="com.lab.PasswordTest" tests="7" skipped="0" failures="2" errors="0" timestamp="2025-11-05T10:29:10" hostname="MB-01732" time="0.014">
  <properties/>
  <testcase name="shouldAcceptValidPassword()" classname="com.lab.PasswordTest" time="0.006"/>
  <testcase name="shouldThrowExceptionOnPasswordWithoutNumber()" classname="com.lab.PasswordTest" time="0.0"/>
  <testcase name="shouldThrowExceptionOnShortPassword()" classname="com.lab.PasswordTest" time="0.003">
    <failure message="org.opentest4j.AssertionFailedError: Expected java.lang.Exception to be thrown, but nothing was thrown." type="org.opentest4j.AssertionFailedError">org.opentest4j.AssertionFailedError: Expected java.lang.Exception to be thrown, but nothing was thrown.
	at app//org.junit.jupiter.api.AssertionFailureBuilder.build(AssertionFailureBuilder.java:152)
	at app//org.junit.jupiter.api.AssertThrows.assertThrows(AssertThrows.java:73)
	at app//org.junit.jupiter.api.AssertThrows.assertThrows(AssertThrows.java:35)
	at app//org.junit.jupiter.api.Assertions.assertThrows(Assertions.java:3115)
	at app//com.lab.PasswordTest.shouldThrowExceptionOnShortPassword(PasswordTest.java:31)
	at java.base@21.0.7/java.lang.reflect.Method.invoke(Method.java:580)
	at java.base@21.0.7/java.util.ArrayList.forEach(ArrayList.java:1596)
	at java.base@21.0.7/java.util.ArrayList.forEach(ArrayList.java:1596)
</failure>
  </testcase>
  <testcase name="shouldRejectPasswordWithOnlyElevenCharacters()" classname="com.lab.PasswordTest" time="0.001">
    <failure message="org.opentest4j.AssertionFailedError: Expected java.lang.Exception to be thrown, but nothing was thrown." type="org.opentest4j.AssertionFailedError">org.opentest4j.AssertionFailedError: Expected java.lang.Exception to be thrown, but nothing was thrown.
	at app//org.junit.jupiter.api.AssertionFailureBuilder.build(AssertionFailureBuilder.java:152)
	at app//org.junit.jupiter.api.AssertThrows.assertThrows(AssertThrows.java:73)
	at app//org.junit.jupiter.api.AssertThrows.assertThrows(AssertThrows.java:35)
	at app//org.junit.jupiter.api.Assertions.assertThrows(Assertions.java:3115)
	at app//com.lab.PasswordTest.shouldRejectPasswordWithOnlyElevenCharacters(PasswordTest.java:58)
	at java.base@21.0.7/java.lang.reflect.Method.invoke(Method.java:580)
	at java.base@21.0.7/java.util.ArrayList.forEach(ArrayList.java:1596)
	at java.base@21.0.7/java.util.ArrayList.forEach(ArrayList.java:1596)
</failure>
  </testcase>
  <testcase name="shouldCompareSamePasswords()" classname="com.lab.PasswordTest" time="0.001"/>
  <testcase name="shouldCompareDifferentPasswords()" classname="com.lab.PasswordTest" time="0.001"/>
  <testcase name="shouldTrimWhitespace()" classname="com.lab.PasswordTest" time="0.0"/>
  <system-out><![CDATA[]]></system-out>
  <system-err><![CDATA[]]></system-err>
</testsuite>
